<?xml version="1.0" encoding="utf-8"?><testsuites name="pytest tests"><testsuite name="pytest" errors="0" failures="2" skipped="0" tests="4" time="0.026" timestamp="2026-07-15T10:30:47.009165+02:00" hostname="PC68833.local"><testcase classname="tests.test_multiplicacion" name="test_multiplicar" time="0.000" /><testcase classname="tests.test_multiplicacion" name="test_multiplicar_fail" time="0.000"><failure message="assert 2 == 4&#10; +  where 2 = multiplicar(1, 2)">def test_multiplicar_fail():
        with pytest.raises(TypeError):
&gt;           assert multiplicar(1, 2) == 4
E           assert 2 == 4
E            +  where 2 = multiplicar(1, 2)

tests/test_multiplicacion.py:14: AssertionError</failure></testcase><testcase classname="tests.test_suma" name="test_suma" time="0.000" /><testcase classname="tests.test_suma" name="test_suma_fail" time="0.000"><failure message="assert 3 == 4&#10; +  where 3 = suma(1, 2)">def test_suma_fail():
        with pytest.raises(TypeError):
&gt;           assert suma(1, 2) == 4
E           assert 3 == 4
E            +  where 3 = suma(1, 2)

tests/test_suma.py:14: AssertionError</failure></testcase></testsuite></testsuites>